<?xml version="1.0" encoding="UTF-8"?>
<!-- Generated by org.testng.reporters.JUnitXMLReporter -->
<testsuite ignored="0" hostname="DESKTOP-5BINFA7" failures="2" tests="3" name="POMframework" time="28.955" errors="0" timestamp="2023-12-01T23:51:27 IST">
  <testcase classname="com.demowebshop.tests.TestLoginPage" name="testLoginUserByExcel" time="2.225">
    <failure type="java.lang.Exception">
      <![CDATA[java.lang.Exception
at com.demowebshop.tests.TestLoginPage.testLoginUserByExcel(TestLoginPage.java:64)
at java.base/java.util.ArrayList.forEach(ArrayList.java:1511)
... Removed 27 stack frames]]>
    </failure>
  </testcase> <!-- testLoginUserByExcel -->
  <testcase classname="com.demowebshop.tests.TestLoginPage" name="testLoginUserByExcel" time="2.53"/>
  <testcase classname="com.demowebshop.tests.TestLoginPage" name="testLoginUserByExcel" time="2.824">
    <failure type="java.lang.Exception">
      <![CDATA[java.lang.Exception
at com.demowebshop.tests.TestLoginPage.testLoginUserByExcel(TestLoginPage.java:64)
at java.base/java.util.ArrayList.forEach(ArrayList.java:1511)
... Removed 27 stack frames]]>
    </failure>
  </testcase> <!-- testLoginUserByExcel -->
</testsuite> <!-- POMframework -->
